TN:
SF:imports/api/projects.js
FN:1,(anonymous_2)
FN:1,(anonymous_3)
FN:1,(anonymous_4)
FN:1,(anonymous_5)
FN:1,(anonymous_6)
FN:11,(anonymous_7)
FN:11,(anonymous_8)
FN:11,(anonymous_9)
FN:11,(anonymous_10)
FN:42,(anonymous_11)
FN:11,(anonymous_12)
FN:11,(anonymous_13)
FN:11,(anonymous_14)
FNF:13
FNH:8
FNDA:12,(anonymous_2)
FNDA:2,(anonymous_3)
FNDA:2,(anonymous_4)
FNDA:2,(anonymous_5)
FNDA:2,(anonymous_6)
FNDA:0,(anonymous_7)
FNDA:0,(anonymous_8)
FNDA:1,(anonymous_9)
FNDA:4,(anonymous_10)
FNDA:2,(anonymous_11)
FNDA:0,(anonymous_12)
FNDA:0,(anonymous_13)
FNDA:0,(anonymous_14)
DA:1,12
DA:8,2
DA:11,2
DA:13,0
DA:16,0
DA:18,0
DA:21,1
DA:22,1
DA:24,1
DA:27,4
DA:29,4
DA:30,4
DA:32,4
DA:34,4
DA:35,2
DA:36,1
DA:37,1
DA:42,4
DA:43,4
DA:44,4
DA:46,4
DA:47,4
DA:49,4
DA:52,0
DA:54,0
DA:61,0
DA:64,0
DA:66,0
DA:70,0
LF:29
LH:20
BRDA:35,0,0,1
BRDA:35,0,1,1
BRDA:44,1,0,1
BRDA:44,1,1,3
BRDA:47,2,0,3
BRDA:47,2,1,1
BRF:6
BRH:6
end_of_record
